  [1m[35m (491.0ms)[0m  [1m[35mCREATE DATABASE "music_app_development" ENCODING = 'unicode'[0m
  ↳ bin/rails:9
  [1m[35m (312.1ms)[0m  [1m[35mCREATE DATABASE "music_app_test" ENCODING = 'unicode'[0m
  ↳ bin/rails:9
  [1m[35m (80.0ms)[0m  [1m[35mCREATE TABLE "schema_migrations" ("version" character varying NOT NULL PRIMARY KEY)[0m
  ↳ bin/rails:9
  [1m[35m (11.6ms)[0m  [1m[35mCREATE TABLE "ar_internal_metadata" ("key" character varying NOT NULL PRIMARY KEY, "value" character varying, "created_at" timestamp NOT NULL, "updated_at" timestamp NOT NULL)[0m
  ↳ bin/rails:9
  [1m[35m (3.1ms)[0m  [1m[34mSELECT pg_try_advisory_lock(4505726345591715405)[0m
  ↳ bin/rails:9
  [1m[35m (2.4ms)[0m  [1m[34mSELECT "schema_migrations"."version" FROM "schema_migrations" ORDER BY "schema_migrations"."version" ASC[0m
  ↳ bin/rails:9
Migrating to CreateUsers (20180913180404)
  [1m[35m (0.3ms)[0m  [1m[35mBEGIN[0m
  ↳ bin/rails:9
  [1m[35m (62.2ms)[0m  [1m[35mCREATE TABLE "users" ("id" bigserial primary key, "email" character varying NOT NULL, "password_digest" character varying NOT NULL, "session_token" text NOT NULL, "created_at" timestamp NOT NULL, "updated_at" timestamp NOT NULL)[0m
  ↳ db/migrate/20180913180404_create_users.rb:3
  [1m[35m (5.8ms)[0m  [1m[35mCREATE UNIQUE INDEX  "index_users_on_email" ON "users"  ("email")[0m
  ↳ db/migrate/20180913180404_create_users.rb:11
  [1m[35m (4.0ms)[0m  [1m[35mCREATE UNIQUE INDEX  "index_users_on_session_token" ON "users"  ("session_token")[0m
  ↳ db/migrate/20180913180404_create_users.rb:12
  [1m[36mActiveRecord::SchemaMigration Create (6.6ms)[0m  [1m[32mINSERT INTO "schema_migrations" ("version") VALUES ($1) RETURNING "version"[0m  [["version", "20180913180404"]]
  ↳ bin/rails:9
  [1m[35m (2.6ms)[0m  [1m[35mCOMMIT[0m
  ↳ bin/rails:9
  [1m[36mActiveRecord::InternalMetadata Load (2.3ms)[0m  [1m[34mSELECT  "ar_internal_metadata".* FROM "ar_internal_metadata" WHERE "ar_internal_metadata"."key" = $1 LIMIT $2[0m  [["key", "environment"], ["LIMIT", 1]]
  ↳ bin/rails:9
  [1m[35m (2.3ms)[0m  [1m[35mBEGIN[0m
  ↳ bin/rails:9
  [1m[36mActiveRecord::InternalMetadata Create (3.1ms)[0m  [1m[32mINSERT INTO "ar_internal_metadata" ("key", "value", "created_at", "updated_at") VALUES ($1, $2, $3, $4) RETURNING "key"[0m  [["key", "environment"], ["value", "development"], ["created_at", "2018-09-13 18:07:27.620312"], ["updated_at", "2018-09-13 18:07:27.620312"]]
  ↳ bin/rails:9
  [1m[35m (1.3ms)[0m  [1m[35mCOMMIT[0m
  ↳ bin/rails:9
  [1m[35m (0.5ms)[0m  [1m[34mSELECT pg_advisory_unlock(4505726345591715405)[0m
  ↳ bin/rails:9
  [1m[35m (1.6ms)[0m  [1m[34mSELECT "schema_migrations"."version" FROM "schema_migrations" ORDER BY "schema_migrations"."version" ASC[0m
  ↳ bin/rails:9
Started GET "/" for 127.0.0.1 at 2018-09-13 14:41:50 -0700
  [1m[35m (1.8ms)[0m  [1m[34mSELECT "schema_migrations"."version" FROM "schema_migrations" ORDER BY "schema_migrations"."version" ASC[0m
  ↳ /Users/michaelgee/.rbenv/versions/2.3.1/lib/ruby/gems/2.3.0/gems/activerecord-5.2.1/lib/active_record/log_subscriber.rb:98
Processing by Rails::WelcomeController#index as HTML
  Rendering /Users/michaelgee/.rbenv/versions/2.3.1/lib/ruby/gems/2.3.0/gems/railties-5.2.1/lib/rails/templates/rails/welcome/index.html.erb
  Rendered /Users/michaelgee/.rbenv/versions/2.3.1/lib/ruby/gems/2.3.0/gems/railties-5.2.1/lib/rails/templates/rails/welcome/index.html.erb (13.7ms)
Completed 200 OK in 81ms (Views: 35.0ms | ActiveRecord: 0.0ms)


Started GET "/" for 127.0.0.1 at 2018-09-13 15:24:35 -0700
Processing by Rails::WelcomeController#index as HTML
  Rendering /Users/michaelgee/.rbenv/versions/2.3.1/lib/ruby/gems/2.3.0/gems/railties-5.2.1/lib/rails/templates/rails/welcome/index.html.erb
  Rendered /Users/michaelgee/.rbenv/versions/2.3.1/lib/ruby/gems/2.3.0/gems/railties-5.2.1/lib/rails/templates/rails/welcome/index.html.erb (6.1ms)
Completed 200 OK in 24ms (Views: 13.8ms | ActiveRecord: 0.0ms)


Started GET "/users" for 127.0.0.1 at 2018-09-13 15:41:56 -0700
  
ActionController::RoutingError (No route matches [GET] "/users"):
  
actionpack (5.2.1) lib/action_dispatch/middleware/debug_exceptions.rb:65:in `call'
web-console (3.7.0) lib/web_console/middleware.rb:135:in `call_app'
web-console (3.7.0) lib/web_console/middleware.rb:30:in `block in call'
web-console (3.7.0) lib/web_console/middleware.rb:20:in `catch'
web-console (3.7.0) lib/web_console/middleware.rb:20:in `call'
actionpack (5.2.1) lib/action_dispatch/middleware/show_exceptions.rb:33:in `call'
railties (5.2.1) lib/rails/rack/logger.rb:38:in `call_app'
railties (5.2.1) lib/rails/rack/logger.rb:26:in `block in call'
activesupport (5.2.1) lib/active_support/tagged_logging.rb:71:in `block in tagged'
activesupport (5.2.1) lib/active_support/tagged_logging.rb:28:in `tagged'
activesupport (5.2.1) lib/active_support/tagged_logging.rb:71:in `tagged'
railties (5.2.1) lib/rails/rack/logger.rb:26:in `call'
sprockets-rails (3.2.1) lib/sprockets/rails/quiet_assets.rb:13:in `call'
actionpack (5.2.1) lib/action_dispatch/middleware/remote_ip.rb:81:in `call'
actionpack (5.2.1) lib/action_dispatch/middleware/request_id.rb:27:in `call'
rack (2.0.5) lib/rack/method_override.rb:22:in `call'
rack (2.0.5) lib/rack/runtime.rb:22:in `call'
activesupport (5.2.1) lib/active_support/cache/strategy/local_cache_middleware.rb:29:in `call'
actionpack (5.2.1) lib/action_dispatch/middleware/executor.rb:14:in `call'
actionpack (5.2.1) lib/action_dispatch/middleware/static.rb:127:in `call'
rack (2.0.5) lib/rack/sendfile.rb:111:in `call'
railties (5.2.1) lib/rails/engine.rb:524:in `call'
puma (3.12.0) lib/puma/configuration.rb:225:in `call'
puma (3.12.0) lib/puma/server.rb:658:in `handle_request'
puma (3.12.0) lib/puma/server.rb:472:in `process_client'
puma (3.12.0) lib/puma/server.rb:332:in `block in run'
puma (3.12.0) lib/puma/thread_pool.rb:133:in `block in spawn_thread'
Started GET "/session" for 127.0.0.1 at 2018-09-13 15:42:24 -0700
  
ActionController::RoutingError (No route matches [GET] "/session"):
  
actionpack (5.2.1) lib/action_dispatch/middleware/debug_exceptions.rb:65:in `call'
web-console (3.7.0) lib/web_console/middleware.rb:135:in `call_app'
web-console (3.7.0) lib/web_console/middleware.rb:30:in `block in call'
web-console (3.7.0) lib/web_console/middleware.rb:20:in `catch'
web-console (3.7.0) lib/web_console/middleware.rb:20:in `call'
actionpack (5.2.1) lib/action_dispatch/middleware/show_exceptions.rb:33:in `call'
railties (5.2.1) lib/rails/rack/logger.rb:38:in `call_app'
railties (5.2.1) lib/rails/rack/logger.rb:26:in `block in call'
activesupport (5.2.1) lib/active_support/tagged_logging.rb:71:in `block in tagged'
activesupport (5.2.1) lib/active_support/tagged_logging.rb:28:in `tagged'
activesupport (5.2.1) lib/active_support/tagged_logging.rb:71:in `tagged'
railties (5.2.1) lib/rails/rack/logger.rb:26:in `call'
sprockets-rails (3.2.1) lib/sprockets/rails/quiet_assets.rb:13:in `call'
actionpack (5.2.1) lib/action_dispatch/middleware/remote_ip.rb:81:in `call'
actionpack (5.2.1) lib/action_dispatch/middleware/request_id.rb:27:in `call'
rack (2.0.5) lib/rack/method_override.rb:22:in `call'
rack (2.0.5) lib/rack/runtime.rb:22:in `call'
activesupport (5.2.1) lib/active_support/cache/strategy/local_cache_middleware.rb:29:in `call'
actionpack (5.2.1) lib/action_dispatch/middleware/executor.rb:14:in `call'
actionpack (5.2.1) lib/action_dispatch/middleware/static.rb:127:in `call'
rack (2.0.5) lib/rack/sendfile.rb:111:in `call'
railties (5.2.1) lib/rails/engine.rb:524:in `call'
puma (3.12.0) lib/puma/configuration.rb:225:in `call'
puma (3.12.0) lib/puma/server.rb:658:in `handle_request'
puma (3.12.0) lib/puma/server.rb:472:in `process_client'
puma (3.12.0) lib/puma/server.rb:332:in `block in run'
puma (3.12.0) lib/puma/thread_pool.rb:133:in `block in spawn_thread'
Started GET "/" for 127.0.0.1 at 2018-09-13 15:42:36 -0700
Processing by Rails::WelcomeController#index as HTML
  Rendering /Users/michaelgee/.rbenv/versions/2.3.1/lib/ruby/gems/2.3.0/gems/railties-5.2.1/lib/rails/templates/rails/welcome/index.html.erb
  Rendered /Users/michaelgee/.rbenv/versions/2.3.1/lib/ruby/gems/2.3.0/gems/railties-5.2.1/lib/rails/templates/rails/welcome/index.html.erb (5.5ms)
Completed 200 OK in 23ms (Views: 14.0ms | ActiveRecord: 0.0ms)


  [1m[35m (0.5ms)[0m  [1m[35mBEGIN[0m
  [1m[36mUser Exists (5.6ms)[0m  [1m[34mSELECT  1 AS one FROM "users" WHERE "users"."email" = $1 LIMIT $2[0m  [["email", "mike@gmail.com"], ["LIMIT", 1]]
  [1m[36mUser Exists (0.6ms)[0m  [1m[34mSELECT  1 AS one FROM "users" WHERE "users"."password_digest" = $1 LIMIT $2[0m  [["password_digest", "$2a$10$Yg/HaYwiOMZFzDt.oLs29OPentRnoYIT.0efsRFMRa1H2/wyW9mli"], ["LIMIT", 1]]
  [1m[36mUser Exists (0.5ms)[0m  [1m[34mSELECT  1 AS one FROM "users" WHERE "users"."session_token" IS NULL LIMIT $1[0m  [["LIMIT", 1]]
  [1m[35m (1.9ms)[0m  [1m[31mROLLBACK[0m
  [1m[35m (0.2ms)[0m  [1m[35mBEGIN[0m
  [1m[36mUser Exists (0.7ms)[0m  [1m[34mSELECT  1 AS one FROM "users" WHERE "users"."email" = $1 LIMIT $2[0m  [["email", "mike@gmail.com"], ["LIMIT", 1]]
  [1m[36mUser Exists (1.5ms)[0m  [1m[34mSELECT  1 AS one FROM "users" WHERE "users"."password_digest" = $1 LIMIT $2[0m  [["password_digest", "$2a$10$cxLBvjoTJgyHEZGK6F6gSO/QHsI/n46SzqLWDp5IIg4iWBE52umXS"], ["LIMIT", 1]]
  [1m[36mUser Exists (0.7ms)[0m  [1m[34mSELECT  1 AS one FROM "users" WHERE "users"."session_token" IS NULL LIMIT $1[0m  [["LIMIT", 1]]
  [1m[35m (0.4ms)[0m  [1m[31mROLLBACK[0m
  [1m[35m (0.7ms)[0m  [1m[35mBEGIN[0m
  [1m[36mUser Exists (1.1ms)[0m  [1m[34mSELECT  1 AS one FROM "users" WHERE "users"."email" = $1 LIMIT $2[0m  [["email", "mike@gmail.com"], ["LIMIT", 1]]
  [1m[36mUser Exists (0.8ms)[0m  [1m[34mSELECT  1 AS one FROM "users" WHERE "users"."password_digest" = $1 LIMIT $2[0m  [["password_digest", "$2a$10$jRoCpOjylRxsMTGvamEYNeSjnoB621f2T6mi0LLB7HX976EB9xpHO"], ["LIMIT", 1]]
  [1m[36mUser Exists (1.0ms)[0m  [1m[34mSELECT  1 AS one FROM "users" WHERE "users"."session_token" IS NULL LIMIT $1[0m  [["LIMIT", 1]]
  [1m[35m (0.6ms)[0m  [1m[31mROLLBACK[0m
  [1m[35m (0.2ms)[0m  [1m[35mBEGIN[0m
  [1m[36mUser Exists (0.7ms)[0m  [1m[34mSELECT  1 AS one FROM "users" WHERE "users"."email" = $1 LIMIT $2[0m  [["email", "mike3@gmail.com"], ["LIMIT", 1]]
  [1m[36mUser Exists (0.6ms)[0m  [1m[34mSELECT  1 AS one FROM "users" WHERE "users"."password_digest" = $1 LIMIT $2[0m  [["password_digest", "$2a$10$lQyFaEKbJpaNaOnKNUxMKu2E9hU4sidw0UK06jkt1poF.3QfZilTO"], ["LIMIT", 1]]
  [1m[36mUser Exists (0.6ms)[0m  [1m[34mSELECT  1 AS one FROM "users" WHERE "users"."session_token" IS NULL LIMIT $1[0m  [["LIMIT", 1]]
  [1m[35m (0.3ms)[0m  [1m[31mROLLBACK[0m
  [1m[35m (0.2ms)[0m  [1m[35mBEGIN[0m
  [1m[36mUser Exists (0.8ms)[0m  [1m[34mSELECT  1 AS one FROM "users" WHERE "users"."email" = $1 LIMIT $2[0m  [["email", "mike3@gmail.com"], ["LIMIT", 1]]
  [1m[36mUser Exists (0.7ms)[0m  [1m[34mSELECT  1 AS one FROM "users" WHERE "users"."password_digest" = $1 LIMIT $2[0m  [["password_digest", "$2a$10$SebjbkIWxL1/Kq/ZX5TmneyRiKPl8Q7yIWLYEa9Ra32w4Asz.B34G"], ["LIMIT", 1]]
  [1m[36mUser Exists (0.8ms)[0m  [1m[34mSELECT  1 AS one FROM "users" WHERE "users"."session_token" IS NULL LIMIT $1[0m  [["LIMIT", 1]]
  [1m[35m (0.3ms)[0m  [1m[31mROLLBACK[0m
  [1m[35m (0.4ms)[0m  [1m[35mBEGIN[0m
  [1m[36mUser Exists (0.9ms)[0m  [1m[34mSELECT  1 AS one FROM "users" WHERE "users"."email" = $1 LIMIT $2[0m  [["email", "mike3@gmail.com"], ["LIMIT", 1]]
  [1m[36mUser Exists (1.3ms)[0m  [1m[34mSELECT  1 AS one FROM "users" WHERE "users"."password_digest" = $1 LIMIT $2[0m  [["password_digest", "$2a$10$Jom4DtNZ/kt6XSAnxudNMO53fmk9y89tYj/KYNJZJ3.XdpTFLYaYi"], ["LIMIT", 1]]
  [1m[36mUser Exists (1.2ms)[0m  [1m[34mSELECT  1 AS one FROM "users" WHERE "users"."session_token" IS NULL LIMIT $1[0m  [["LIMIT", 1]]
  [1m[35m (0.3ms)[0m  [1m[31mROLLBACK[0m
  [1m[35m (0.3ms)[0m  [1m[35mBEGIN[0m
  [1m[36mUser Exists (2.2ms)[0m  [1m[34mSELECT  1 AS one FROM "users" WHERE "users"."email" = $1 LIMIT $2[0m  [["email", "mike3@gmail.com"], ["LIMIT", 1]]
  [1m[36mUser Exists (0.8ms)[0m  [1m[34mSELECT  1 AS one FROM "users" WHERE "users"."password_digest" = $1 LIMIT $2[0m  [["password_digest", "$2a$10$.c3Tacuq7mAP9QWf8bjJ5eKccRS9HGI9u7aBCwAN/Z3mYY.WJa9Gi"], ["LIMIT", 1]]
  [1m[36mUser Exists (0.8ms)[0m  [1m[34mSELECT  1 AS one FROM "users" WHERE "users"."session_token" = $1 LIMIT $2[0m  [["session_token", "KE_KV9ZrwjxgTSpulhAagg"], ["LIMIT", 1]]
  [1m[36mUser Create (7.0ms)[0m  [1m[32mINSERT INTO "users" ("email", "password_digest", "session_token", "created_at", "updated_at") VALUES ($1, $2, $3, $4, $5) RETURNING "id"[0m  [["email", "mike3@gmail.com"], ["password_digest", "$2a$10$.c3Tacuq7mAP9QWf8bjJ5eKccRS9HGI9u7aBCwAN/Z3mYY.WJa9Gi"], ["session_token", "KE_KV9ZrwjxgTSpulhAagg"], ["created_at", "2018-09-13 23:32:26.963895"], ["updated_at", "2018-09-13 23:32:26.963895"]]
  [1m[35m (2.5ms)[0m  [1m[35mCOMMIT[0m
  [1m[35m (0.3ms)[0m  [1m[35mBEGIN[0m
  [1m[36mUser Exists (0.5ms)[0m  [1m[34mSELECT  1 AS one FROM "users" WHERE "users"."email" = $1 LIMIT $2[0m  [["email", "mike@gmail.com"], ["LIMIT", 1]]
  [1m[36mUser Exists (0.5ms)[0m  [1m[34mSELECT  1 AS one FROM "users" WHERE "users"."password_digest" = $1 LIMIT $2[0m  [["password_digest", "$2a$10$t20Vgr5MnhATwPRLk3uJneBWD6g40dt380QSWv5Hz21oDBVFSnNDC"], ["LIMIT", 1]]
  [1m[36mUser Exists (0.5ms)[0m  [1m[34mSELECT  1 AS one FROM "users" WHERE "users"."session_token" = $1 LIMIT $2[0m  [["session_token", "zGAyvlvDtU0x7y-H11HfQg"], ["LIMIT", 1]]
  [1m[36mUser Create (0.5ms)[0m  [1m[32mINSERT INTO "users" ("email", "password_digest", "session_token", "created_at", "updated_at") VALUES ($1, $2, $3, $4, $5) RETURNING "id"[0m  [["email", "mike@gmail.com"], ["password_digest", "$2a$10$t20Vgr5MnhATwPRLk3uJneBWD6g40dt380QSWv5Hz21oDBVFSnNDC"], ["session_token", "zGAyvlvDtU0x7y-H11HfQg"], ["created_at", "2018-09-13 23:32:46.907883"], ["updated_at", "2018-09-13 23:32:46.907883"]]
  [1m[35m (1.3ms)[0m  [1m[35mCOMMIT[0m
  [1m[35m (0.2ms)[0m  [1m[35mBEGIN[0m
  [1m[36mUser Exists (0.6ms)[0m  [1m[34mSELECT  1 AS one FROM "users" WHERE "users"."email" = $1 LIMIT $2[0m  [["email", "mike@gmail.com"], ["LIMIT", 1]]
  [1m[36mUser Exists (0.7ms)[0m  [1m[34mSELECT  1 AS one FROM "users" WHERE "users"."password_digest" = $1 LIMIT $2[0m  [["password_digest", "$2a$10$BILmDZYDbiSgRK9BIcBxxuSEWsC45N4Tph68RCz3TpmNDH9eVrIeS"], ["LIMIT", 1]]
  [1m[36mUser Exists (0.8ms)[0m  [1m[34mSELECT  1 AS one FROM "users" WHERE "users"."session_token" = $1 LIMIT $2[0m  [["session_token", "crlsCbuTx0SgMkQILjChnQ"], ["LIMIT", 1]]
  [1m[35m (0.5ms)[0m  [1m[31mROLLBACK[0m
  [1m[35m (0.3ms)[0m  [1m[35mBEGIN[0m
  [1m[36mUser Exists (0.9ms)[0m  [1m[34mSELECT  1 AS one FROM "users" WHERE "users"."email" = $1 LIMIT $2[0m  [["email", "mike@gmail.com"], ["LIMIT", 1]]
  [1m[36mUser Exists (0.7ms)[0m  [1m[34mSELECT  1 AS one FROM "users" WHERE "users"."password_digest" = $1 LIMIT $2[0m  [["password_digest", "$2a$10$mbypmpgEfjUV65Tty/KhGuwQUzSWNEUduZ338ezrNwhR6HPBgOmqa"], ["LIMIT", 1]]
  [1m[36mUser Exists (0.8ms)[0m  [1m[34mSELECT  1 AS one FROM "users" WHERE "users"."session_token" = $1 LIMIT $2[0m  [["session_token", "rUF3fdsGp80rkq-YbNmgCw"], ["LIMIT", 1]]
  [1m[35m (0.4ms)[0m  [1m[31mROLLBACK[0m
  [1m[35m (0.2ms)[0m  [1m[35mBEGIN[0m
  [1m[36mUser Exists (0.7ms)[0m  [1m[34mSELECT  1 AS one FROM "users" WHERE "users"."email" = $1 LIMIT $2[0m  [["email", "mike10@gmail.com"], ["LIMIT", 1]]
  [1m[36mUser Exists (0.9ms)[0m  [1m[34mSELECT  1 AS one FROM "users" WHERE "users"."password_digest" = $1 LIMIT $2[0m  [["password_digest", "$2a$10$ofVZIjZOmhWZwFkFZAY01Ofn6TmI2nEZedg4nwYs48GqNC8W7HZ0O"], ["LIMIT", 1]]
  [1m[36mUser Exists (0.6ms)[0m  [1m[34mSELECT  1 AS one FROM "users" WHERE "users"."session_token" = $1 LIMIT $2[0m  [["session_token", "JX_keBgsP4ui2lxDkxuxbg"], ["LIMIT", 1]]
  [1m[36mUser Create (0.8ms)[0m  [1m[32mINSERT INTO "users" ("email", "password_digest", "session_token", "created_at", "updated_at") VALUES ($1, $2, $3, $4, $5) RETURNING "id"[0m  [["email", "mike10@gmail.com"], ["password_digest", "$2a$10$ofVZIjZOmhWZwFkFZAY01Ofn6TmI2nEZedg4nwYs48GqNC8W7HZ0O"], ["session_token", "JX_keBgsP4ui2lxDkxuxbg"], ["created_at", "2018-09-13 23:33:34.099108"], ["updated_at", "2018-09-13 23:33:34.099108"]]
  [1m[35m (1.9ms)[0m  [1m[35mCOMMIT[0m
Started GET "/users" for 127.0.0.1 at 2018-09-13 16:34:48 -0700
  
ActionController::RoutingError (No route matches [GET] "/users"):
  
actionpack (5.2.1) lib/action_dispatch/middleware/debug_exceptions.rb:65:in `call'
web-console (3.7.0) lib/web_console/middleware.rb:135:in `call_app'
web-console (3.7.0) lib/web_console/middleware.rb:30:in `block in call'
web-console (3.7.0) lib/web_console/middleware.rb:20:in `catch'
web-console (3.7.0) lib/web_console/middleware.rb:20:in `call'
actionpack (5.2.1) lib/action_dispatch/middleware/show_exceptions.rb:33:in `call'
railties (5.2.1) lib/rails/rack/logger.rb:38:in `call_app'
railties (5.2.1) lib/rails/rack/logger.rb:26:in `block in call'
activesupport (5.2.1) lib/active_support/tagged_logging.rb:71:in `block in tagged'
activesupport (5.2.1) lib/active_support/tagged_logging.rb:28:in `tagged'
activesupport (5.2.1) lib/active_support/tagged_logging.rb:71:in `tagged'
railties (5.2.1) lib/rails/rack/logger.rb:26:in `call'
sprockets-rails (3.2.1) lib/sprockets/rails/quiet_assets.rb:13:in `call'
actionpack (5.2.1) lib/action_dispatch/middleware/remote_ip.rb:81:in `call'
actionpack (5.2.1) lib/action_dispatch/middleware/request_id.rb:27:in `call'
rack (2.0.5) lib/rack/method_override.rb:22:in `call'
rack (2.0.5) lib/rack/runtime.rb:22:in `call'
activesupport (5.2.1) lib/active_support/cache/strategy/local_cache_middleware.rb:29:in `call'
actionpack (5.2.1) lib/action_dispatch/middleware/executor.rb:14:in `call'
actionpack (5.2.1) lib/action_dispatch/middleware/static.rb:127:in `call'
rack (2.0.5) lib/rack/sendfile.rb:111:in `call'
railties (5.2.1) lib/rails/engine.rb:524:in `call'
puma (3.12.0) lib/puma/configuration.rb:225:in `call'
puma (3.12.0) lib/puma/server.rb:658:in `handle_request'
puma (3.12.0) lib/puma/server.rb:472:in `process_client'
puma (3.12.0) lib/puma/server.rb:332:in `block in run'
puma (3.12.0) lib/puma/thread_pool.rb:133:in `block in spawn_thread'
